12:47:08.347 [main] INFO  testCases.TC004_LoginViaEmailAndPasswordDDTTest - Login successful as expected
12:47:09.127 [main] INFO  testCases.TC004_LoginViaEmailAndPasswordDDTTest - Resetting application state for next iteration
12:47:09.904 [main] INFO  testCases.TC004_LoginViaEmailAndPasswordDDTTest - ********** Test Completed **********
12:47:09.913 [main] INFO  testCases.TC004_LoginViaEmailAndPasswordDDTTest - ********** Test Started : Login DDT **********
12:47:09.915 [main] INFO  testCases.TC004_LoginViaEmailAndPasswordDDTTest - Clicking Login icon
12:47:10.690 [main] INFO  testCases.TC004_LoginViaEmailAndPasswordDDTTest - Selecting Login via Email
12:47:10.785 [main] INFO  testCases.TC004_LoginViaEmailAndPasswordDDTTest - Entering Email
12:47:10.862 [main] INFO  testCases.TC004_LoginViaEmailAndPasswordDDTTest - Entering Password
12:47:10.935 [main] INFO  testCases.TC004_LoginViaEmailAndPasswordDDTTest - Clicking Continue
12:47:21.038 [main] INFO  testCases.TC004_LoginViaEmailAndPasswordDDTTest - Login failed as expected
12:47:21.095 [main] INFO  testCases.TC004_LoginViaEmailAndPasswordDDTTest - Login popup closed
12:47:21.096 [main] INFO  testCases.TC004_LoginViaEmailAndPasswordDDTTest - Resetting application state for next iteration
12:47:21.805 [main] INFO  testCases.TC004_LoginViaEmailAndPasswordDDTTest - ********** Test Completed **********
12:47:21.809 [main] INFO  testCases.TC004_LoginViaEmailAndPasswordDDTTest - ********** Test Started : Login DDT **********
12:47:21.809 [main] INFO  testCases.TC004_LoginViaEmailAndPasswordDDTTest - Clicking Login icon
12:47:21.880 [main] INFO  testCases.TC004_LoginViaEmailAndPasswordDDTTest - Selecting Login via Email
12:47:22.000 [main] INFO  testCases.TC004_LoginViaEmailAndPasswordDDTTest - Entering Email
12:47:22.085 [main] INFO  testCases.TC004_LoginViaEmailAndPasswordDDTTest - Entering Password
12:47:22.154 [main] INFO  testCases.TC004_LoginViaEmailAndPasswordDDTTest - Clicking Continue
12:47:23.401 [main] INFO  testCases.TC004_LoginViaEmailAndPasswordDDTTest - Login successful as expected
12:47:24.101 [main] INFO  testCases.TC004_LoginViaEmailAndPasswordDDTTest - Resetting application state for next iteration
12:47:24.830 [main] INFO  testCases.TC004_LoginViaEmailAndPasswordDDTTest - ********** Test Completed **********
15:41:10.037 [main] INFO  org.testng.internal.Utils - [TestNG] Running:
  C:\Users\Prakash\eclipse-workspace\trulyfreeV1\grouping.xml

15:44:33.329 [main] INFO  org.testng.internal.Utils - [TestNG] Running:
  C:\Users\Prakash\eclipse-workspace\trulyfreeV1\grouping.xml

15:44:33.581 [main] INFO  testCases.TC001_LoginTest - Launching browser: chrome
15:44:34.479 [main] INFO  io.github.bonigarcia.wdm.WebDriverManager - Using chromedriver 145.0.7632.117 (resolved driver for Chrome 145)
15:44:34.494 [main] INFO  io.github.bonigarcia.wdm.WebDriverManager - Exporting webdriver.chrome.driver as C:\Users\Prakash\.cache\selenium\chromedriver\win64\145.0.7632.117\chromedriver.exe
15:44:40.951 [main] INFO  testCases.TC001_LoginTest - *******Starting TC001_Login Via Phone Number*******
15:44:41.616 [main] INFO  testCases.TC001_LoginTest - *******Clicked and Opened the Login Popup*******
15:44:42.862 [main] INFO  testCases.TC001_LoginTest - *******Entered the Phone Number*******
15:44:43.030 [main] INFO  testCases.TC001_LoginTest - *******Clicked on Continue Button*******
15:44:44.654 [main] INFO  testCases.TC001_LoginTest - *******OTP Verification POPUP Opened*******
15:44:45.216 [main] INFO  testCases.TC001_LoginTest - *******Finished TC001 Completed Logged In Sucessfully*******
15:44:45.481 [main] INFO  testCases.TC003_LoginViaEmailAndPwd - Launching browser: chrome
15:44:45.498 [main] INFO  io.github.bonigarcia.wdm.WebDriverManager - Using chromedriver 145.0.7632.117 (resolved driver for Chrome 145)
15:44:45.506 [main] INFO  io.github.bonigarcia.wdm.WebDriverManager - Exporting webdriver.chrome.driver as C:\Users\Prakash\.cache\selenium\chromedriver\win64\145.0.7632.117\chromedriver.exe
15:44:50.622 [main] INFO  testCases.TC003_LoginViaEmailAndPwd - === Test Started : Login Via Email ===
15:44:51.418 [main] INFO  testCases.TC003_LoginViaEmailAndPwd - Login popup opened
15:44:52.388 [main] INFO  testCases.TC003_LoginViaEmailAndPwd - Clicked Login via Email
15:44:53.364 [main] INFO  testCases.TC003_LoginViaEmailAndPwd - Entered Email
15:44:53.626 [main] INFO  testCases.TC003_LoginViaEmailAndPwd - Entered Password
15:44:53.805 [main] INFO  testCases.TC003_LoginViaEmailAndPwd - Clicked Continue button
15:44:56.044 [main] INFO  testCases.TC003_LoginViaEmailAndPwd - Checking confirmation message
15:44:56.080 [main] INFO  testCases.TC003_LoginViaEmailAndPwd - Login successful : Logged in successfully as Salman !
15:44:56.080 [main] INFO  testCases.TC003_LoginViaEmailAndPwd - === Test Completed Successfully ===
15:47:06.970 [main] INFO  org.testng.internal.Utils - [TestNG] Running:
  C:\Users\Prakash\eclipse-workspace\trulyfreeV1\grouping.xml

