09:37:16.450 [main] INFO  testCases.TC001_LoginTest - *******Clicked on Continue Button*******
09:37:18.046 [main] INFO  testCases.TC001_LoginTest - *******OTP Verification POPUP Opened*******
09:37:18.187 [main] INFO  testCases.TC001_LoginTest - *******Finished TC001 Completed Logged In Sucessfully*******
09:37:18.558 [main] INFO  testCases.TC001_LoginTest - Launching browser: edge
09:37:26.103 [main] INFO  testCases.TC001_LoginTest - *******Starting TC001_Login Via Phone Number*******
09:37:26.849 [main] INFO  testCases.TC001_LoginTest - *******Clicked and Opened the Login Popup*******
09:37:28.491 [main] INFO  testCases.TC001_LoginTest - *******Entered the Phone Number*******
09:37:28.634 [main] INFO  testCases.TC001_LoginTest - *******Clicked on Continue Button*******
09:37:30.418 [main] INFO  testCases.TC001_LoginTest - *******OTP Verification POPUP Opened*******
09:37:30.535 [main] INFO  testCases.TC001_LoginTest - *******Finished TC001 Completed Logged In Sucessfully*******
09:37:30.775 [main] INFO  testCases.TC001_LoginTest - Launching browser: firefox
09:45:30.747 [main] INFO  org.testng.internal.Utils - [TestNG] Running:
  C:\Users\Prakash\eclipse-workspace\trulyfreeV1\crossbrowsertesting.xml

09:45:33.372 [main] INFO  testCases.TC001_LoginTest - Launching browser: chrome
09:45:42.201 [main] INFO  testCases.TC001_LoginTest - *******Starting TC001_Login Via Phone Number*******
09:45:42.430 [main] INFO  testCases.TC001_LoginTest - *******Clicked and Opened the Login Popup*******
09:45:43.552 [main] INFO  testCases.TC001_LoginTest - *******Entered the Phone Number*******
09:45:43.725 [main] INFO  testCases.TC001_LoginTest - *******Clicked on Continue Button*******
09:45:45.520 [main] INFO  testCases.TC001_LoginTest - *******OTP Verification POPUP Opened*******
09:45:45.862 [main] INFO  testCases.TC001_LoginTest - *******Finished TC001 Completed Logged In Sucessfully*******
09:45:49.039 [main] INFO  testCases.TC001_LoginTest - Launching browser: edge
09:45:56.589 [main] INFO  testCases.TC001_LoginTest - *******Starting TC001_Login Via Phone Number*******
09:45:56.854 [main] INFO  testCases.TC001_LoginTest - *******Clicked and Opened the Login Popup*******
09:45:57.969 [main] INFO  testCases.TC001_LoginTest - *******Entered the Phone Number*******
09:45:58.185 [main] INFO  testCases.TC001_LoginTest - *******Clicked on Continue Button*******
09:45:59.944 [main] INFO  testCases.TC001_LoginTest - *******OTP Verification POPUP Opened*******
09:46:00.089 [main] INFO  testCases.TC001_LoginTest - *******Finished TC001 Completed Logged In Sucessfully*******
09:49:23.946 [main] INFO  org.testng.internal.Utils - [TestNG] Running:
  C:\Users\Prakash\eclipse-workspace\trulyfreeV1\crossbrowsertesting.xml

09:49:26.444 [main] INFO  testCases.TC001_LoginTest - Launching browser: chrome
09:49:30.861 [main] INFO  testCases.TC001_LoginTest - *******Starting TC001_Login Via Phone Number*******
09:49:31.371 [main] INFO  testCases.TC001_LoginTest - *******Clicked and Opened the Login Popup*******
09:49:32.148 [main] INFO  testCases.TC001_LoginTest - *******Entered the Phone Number*******
09:49:32.324 [main] INFO  testCases.TC001_LoginTest - *******Clicked on Continue Button*******
09:49:34.464 [main] INFO  testCases.TC001_LoginTest - *******OTP Verification POPUP Opened*******
09:49:34.801 [main] INFO  testCases.TC001_LoginTest - *******Finished TC001 Completed Logged In Sucessfully*******
09:49:37.290 [main] INFO  testCases.TC001_LoginTest - Launching browser: edge
09:49:41.261 [main] INFO  testCases.TC001_LoginTest - *******Starting TC001_Login Via Phone Number*******
09:49:41.897 [main] INFO  testCases.TC001_LoginTest - *******Clicked and Opened the Login Popup*******
09:49:42.639 [main] INFO  testCases.TC001_LoginTest - *******Entered the Phone Number*******
09:49:42.786 [main] INFO  testCases.TC001_LoginTest - *******Clicked on Continue Button*******
09:49:44.241 [main] INFO  testCases.TC001_LoginTest - *******OTP Verification POPUP Opened*******
09:49:44.320 [main] INFO  testCases.TC001_LoginTest - *******Finished TC001 Completed Logged In Sucessfully*******
09:50:49.760 [main] INFO  org.testng.internal.Utils - [TestNG] Running:
  C:\Users\Prakash\eclipse-workspace\trulyfreeV1\crossbrowsertesting.xml

09:50:51.230 [main] INFO  testCases.TC001_LoginTest - Launching browser: chrome
09:50:55.968 [main] INFO  testCases.TC001_LoginTest - *******Starting TC001_Login Via Phone Number*******
09:50:57.286 [main] INFO  testCases.TC001_LoginTest - *******Clicked and Opened the Login Popup*******
09:50:58.550 [main] INFO  testCases.TC001_LoginTest - *******Entered the Phone Number*******
09:50:58.766 [main] INFO  testCases.TC001_LoginTest - *******Clicked on Continue Button*******
09:51:00.609 [main] INFO  testCases.TC001_LoginTest - *******OTP Verification POPUP Opened*******
09:51:00.774 [main] INFO  testCases.TC001_LoginTest - *******Finished TC001 Completed Logged In Sucessfully*******
