15:31:22.305 [main] INFO  testCases.TC003_LoginViaEmailAndPwd - Login popup opened
15:31:23.048 [main] INFO  testCases.TC003_LoginViaEmailAndPwd - Clicked Login via Email
15:31:23.509 [main] INFO  testCases.TC003_LoginViaEmailAndPwd - Entered Email
15:31:23.669 [main] INFO  testCases.TC003_LoginViaEmailAndPwd - Entered Password
15:31:23.830 [main] INFO  testCases.TC003_LoginViaEmailAndPwd - Clicked Continue button
15:31:25.786 [main] INFO  testCases.TC003_LoginViaEmailAndPwd - Checking confirmation message
15:31:25.932 [main] INFO  testCases.TC003_LoginViaEmailAndPwd - Login successful : Logged in successfully as Salman !
15:31:25.933 [main] INFO  testCases.TC003_LoginViaEmailAndPwd - === Test Completed Successfully ===
15:32:32.059 [main] INFO  org.testng.internal.Utils - [TestNG] Running:
  C:\Users\Prakash\eclipse-workspace\trulyfreeV1\crossbrowsertesting.xml

15:32:33.459 [main] INFO  testCases.TC001_LoginTest - Launching browser: chrome
15:32:38.499 [main] INFO  testCases.TC001_LoginTest - *******Starting TC001_Login Via Phone Number*******
15:32:38.751 [main] INFO  testCases.TC001_LoginTest - *******Clicked and Opened the Login Popup*******
15:32:39.512 [main] INFO  testCases.TC001_LoginTest - *******Entered the Phone Number*******
15:32:39.680 [main] INFO  testCases.TC001_LoginTest - *******Clicked on Continue Button*******
15:32:41.157 [main] INFO  testCases.TC001_LoginTest - *******OTP Verification POPUP Opened*******
15:32:41.274 [main] INFO  testCases.TC001_LoginTest - *******Finished TC001 Completed Logged In Sucessfully*******
15:32:46.581 [main] INFO  testCases.TC001_LoginTest - Launching browser: edge
15:32:50.584 [main] INFO  testCases.TC001_LoginTest - *******Starting TC001_Login Via Phone Number*******
15:32:51.262 [main] INFO  testCases.TC001_LoginTest - *******Clicked and Opened the Login Popup*******
15:32:52.136 [main] INFO  testCases.TC001_LoginTest - *******Entered the Phone Number*******
15:32:52.383 [main] INFO  testCases.TC001_LoginTest - *******Clicked on Continue Button*******
15:32:53.835 [main] INFO  testCases.TC001_LoginTest - *******OTP Verification POPUP Opened*******
15:32:53.975 [main] INFO  testCases.TC001_LoginTest - *******Finished TC001 Completed Logged In Sucessfully*******
15:33:07.929 [main] INFO  testCases.TC001_LoginTest - Launching browser: firefox
15:33:11.449 [main] INFO  testCases.TC001_LoginTest - *******Starting TC001_Login Via Phone Number*******
15:33:11.729 [main] INFO  testCases.TC001_LoginTest - *******Clicked and Opened the Login Popup*******
15:33:12.564 [main] INFO  testCases.TC001_LoginTest - *******Entered the Phone Number*******
15:33:12.659 [main] INFO  testCases.TC001_LoginTest - *******Clicked on Continue Button*******
15:33:14.128 [main] ERROR testCases.TC001_LoginTest - Test Failed
15:35:22.992 [main] INFO  org.testng.internal.Utils - [TestNG] Running:
  C:\Users\Prakash\eclipse-workspace\trulyfreeV1\dockertestNg.xml

15:35:24.691 [TestNG-tests-1] INFO  testCases.TC001_LoginTest - Launching browser: chrome
15:35:26.615 [TestNG-tests-2] INFO  testCases.TC003_LoginViaEmailAndPwd - Launching browser: firefox
15:35:29.226 [TestNG-tests-1] INFO  testCases.TC001_LoginTest - *******Starting TC001_Login Via Phone Number*******
15:35:29.821 [TestNG-tests-1] INFO  testCases.TC001_LoginTest - *******Clicked and Opened the Login Popup*******
15:35:30.218 [TestNG-tests-2] INFO  testCases.TC003_LoginViaEmailAndPwd - === Test Started : Login Via Email ===
15:35:30.371 [TestNG-tests-2] INFO  testCases.TC003_LoginViaEmailAndPwd - Login popup opened
15:35:30.622 [TestNG-tests-1] INFO  testCases.TC001_LoginTest - *******Entered the Phone Number*******
15:35:30.810 [TestNG-tests-1] INFO  testCases.TC001_LoginTest - *******Clicked on Continue Button*******
15:35:31.131 [TestNG-tests-2] INFO  testCases.TC003_LoginViaEmailAndPwd - Clicked Login via Email
15:35:31.501 [TestNG-tests-2] INFO  testCases.TC003_LoginViaEmailAndPwd - Entered Email
15:35:31.600 [TestNG-tests-2] INFO  testCases.TC003_LoginViaEmailAndPwd - Entered Password
15:35:31.710 [TestNG-tests-2] INFO  testCases.TC003_LoginViaEmailAndPwd - Clicked Continue button
15:35:32.237 [TestNG-tests-1] INFO  testCases.TC001_LoginTest - *******OTP Verification POPUP Opened*******
15:35:32.410 [TestNG-tests-1] INFO  testCases.TC001_LoginTest - *******Finished TC001 Completed Logged In Sucessfully*******
15:35:34.075 [TestNG-tests-2] INFO  testCases.TC003_LoginViaEmailAndPwd - Checking confirmation message
15:35:34.094 [TestNG-tests-1] INFO  testCases.TC003_LoginViaEmailAndPwd - Launching browser: chrome
15:35:34.122 [TestNG-tests-2] INFO  testCases.TC003_LoginViaEmailAndPwd - Login successful : Logged in successfully as Salman !
15:35:34.126 [TestNG-tests-2] INFO  testCases.TC003_LoginViaEmailAndPwd - === Test Completed Successfully ===
15:35:37.990 [TestNG-tests-1] INFO  testCases.TC003_LoginViaEmailAndPwd - === Test Started : Login Via Email ===
15:35:38.564 [TestNG-tests-1] INFO  testCases.TC003_LoginViaEmailAndPwd - Login popup opened
