20:30:43.833 [TestNG-tests-2] INFO  testCases.TC001_LoginTest - *******OTP Verification POPUP Opened*******
20:30:44.148 [TestNG-tests-2] INFO  testCases.TC001_LoginTest - *******Finished TC001 Completed Logged In Sucessfully*******
20:32:45.778 [main] INFO  org.testng.internal.Utils - [TestNG] Running:
  C:\Users\Prakash\eclipse-workspace\trulyfreeV1\docker-compos.xml

20:32:46.537 [TestNG-tests-1] INFO  testCases.TC001_LoginTest - Launching browser: chrome
20:32:47.724 [TestNG-tests-2] INFO  testCases.TC003_LoginViaEmailAndPwd - Launching browser: firefox
20:32:49.490 [TestNG-tests-1] INFO  testCases.TC001_LoginTest - *******Starting TC001_Login Via Phone Number*******
20:32:49.628 [TestNG-tests-1] INFO  testCases.TC001_LoginTest - *******Clicked and Opened the Login Popup*******
20:32:50.889 [TestNG-tests-2] INFO  testCases.TC003_LoginViaEmailAndPwd - === Test Started : Login Via Email ===
20:32:51.172 [TestNG-tests-2] INFO  testCases.TC003_LoginViaEmailAndPwd - Login popup opened
20:32:51.569 [TestNG-tests-1] INFO  testCases.TC001_LoginTest - *******Entered the Phone Number*******
20:32:51.665 [TestNG-tests-1] INFO  testCases.TC001_LoginTest - *******Clicked on Continue Button*******
20:32:51.856 [TestNG-tests-2] INFO  testCases.TC003_LoginViaEmailAndPwd - Clicked Login via Email
20:32:52.169 [TestNG-tests-2] INFO  testCases.TC003_LoginViaEmailAndPwd - Entered Email
20:32:52.226 [TestNG-tests-2] INFO  testCases.TC003_LoginViaEmailAndPwd - Entered Password
20:32:52.326 [TestNG-tests-2] INFO  testCases.TC003_LoginViaEmailAndPwd - Clicked Continue button
20:32:53.141 [TestNG-tests-1] INFO  testCases.TC001_LoginTest - *******OTP Verification POPUP Opened*******
20:32:53.238 [TestNG-tests-1] INFO  testCases.TC001_LoginTest - *******Finished TC001 Completed Logged In Sucessfully*******
20:32:53.504 [TestNG-tests-2] INFO  testCases.TC003_LoginViaEmailAndPwd - Checking confirmation message
20:32:53.537 [TestNG-tests-2] INFO  testCases.TC003_LoginViaEmailAndPwd - Login successful : Logged in successfully as Salman !
20:32:53.537 [TestNG-tests-2] INFO  testCases.TC003_LoginViaEmailAndPwd - === Test Completed Successfully ===
20:32:53.642 [TestNG-tests-1] INFO  testCases.TC003_LoginViaEmailAndPwd - Launching browser: chrome
20:32:55.723 [TestNG-tests-2] INFO  testCases.TC001_LoginTest - Launching browser: firefox
20:32:56.403 [TestNG-tests-1] INFO  testCases.TC003_LoginViaEmailAndPwd - === Test Started : Login Via Email ===
20:32:56.524 [TestNG-tests-1] INFO  testCases.TC003_LoginViaEmailAndPwd - Login popup opened
20:32:57.272 [TestNG-tests-1] INFO  testCases.TC003_LoginViaEmailAndPwd - Clicked Login via Email
20:32:57.717 [TestNG-tests-1] INFO  testCases.TC003_LoginViaEmailAndPwd - Entered Email
20:32:57.820 [TestNG-tests-1] INFO  testCases.TC003_LoginViaEmailAndPwd - Entered Password
20:32:57.889 [TestNG-tests-1] INFO  testCases.TC003_LoginViaEmailAndPwd - Clicked Continue button
20:32:58.834 [TestNG-tests-2] INFO  testCases.TC001_LoginTest - *******Starting TC001_Login Via Phone Number*******
20:32:59.109 [TestNG-tests-2] INFO  testCases.TC001_LoginTest - *******Clicked and Opened the Login Popup*******
20:32:59.247 [TestNG-tests-1] INFO  testCases.TC003_LoginViaEmailAndPwd - Checking confirmation message
20:32:59.286 [TestNG-tests-1] INFO  testCases.TC003_LoginViaEmailAndPwd - Login successful : Logged in successfully as Salman !
20:32:59.286 [TestNG-tests-1] INFO  testCases.TC003_LoginViaEmailAndPwd - === Test Completed Successfully ===
20:32:59.762 [TestNG-tests-2] INFO  testCases.TC001_LoginTest - *******Entered the Phone Number*******
20:32:59.873 [TestNG-tests-2] INFO  testCases.TC001_LoginTest - *******Clicked on Continue Button*******
20:33:01.139 [TestNG-tests-2] INFO  testCases.TC001_LoginTest - *******OTP Verification POPUP Opened*******
20:33:01.219 [TestNG-tests-2] INFO  testCases.TC001_LoginTest - *******Finished TC001 Completed Logged In Sucessfully*******
20:35:59.455 [main] INFO  org.testng.internal.Utils - [TestNG] Running:
  C:\Users\Prakash\eclipse-workspace\trulyfreeV1\docker-compos.xml

20:36:00.180 [TestNG-tests-1] INFO  testCases.TC001_LoginTest - Launching browser: chrome
20:36:01.363 [TestNG-tests-2] INFO  testCases.TC003_LoginViaEmailAndPwd - Launching browser: firefox
20:36:04.367 [TestNG-tests-1] INFO  testCases.TC001_LoginTest - *******Starting TC001_Login Via Phone Number*******
20:36:04.805 [TestNG-tests-1] INFO  testCases.TC001_LoginTest - *******Clicked and Opened the Login Popup*******
20:36:05.591 [TestNG-tests-1] INFO  testCases.TC001_LoginTest - *******Entered the Phone Number*******
20:36:05.665 [TestNG-tests-1] INFO  testCases.TC001_LoginTest - *******Clicked on Continue Button*******
20:36:06.370 [TestNG-tests-2] INFO  testCases.TC003_LoginViaEmailAndPwd - === Test Started : Login Via Email ===
20:36:06.498 [TestNG-tests-2] INFO  testCases.TC003_LoginViaEmailAndPwd - Login popup opened
20:36:07.176 [TestNG-tests-1] INFO  testCases.TC001_LoginTest - *******OTP Verification POPUP Opened*******
