13:09:33.055 [main] INFO  io.github.bonigarcia.wdm.WebDriverManager - Exporting webdriver.chrome.driver as C:\Users\Prakash\.cache\selenium\chromedriver\win64\146.0.7680.153\chromedriver.exe
13:09:34.195 [main] INFO  testCases.TC006_VerifySearchResultPLP - Launching browser: chrome
13:09:46.255 [main] INFO  testCases.TC006_VerifySearchResultPLP - ---TC006_VerifySearchResultPLP Test case Started----
13:10:26.369 [main] INFO  testCases.TC006_VerifySearchResultPLP - ---TC006_VerifySearchResultPLP Test case Completed----
07:29:21.834 [main] INFO  io.github.bonigarcia.wdm.WebDriverManager - Using chromedriver 146.0.7680.165 (resolved driver for Chrome 146)
07:29:21.907 [main] INFO  io.github.bonigarcia.wdm.online.Downloader - Downloading https://storage.googleapis.com/chrome-for-testing-public/146.0.7680.165/win64/chromedriver-win64.zip
07:29:23.238 [main] INFO  io.github.bonigarcia.wdm.online.Downloader - Extracting driver from compressed file chromedriver-win64.zip
07:29:23.389 [main] INFO  io.github.bonigarcia.wdm.WebDriverManager - Exporting webdriver.chrome.driver as C:\Users\Prakash\.cache\selenium\chromedriver\win64\146.0.7680.165\chromedriver.exe
07:29:31.067 [main] INFO  testCases.TC006_VerifySearchResultPLP - Launching browser: chrome
07:29:34.671 [main] INFO  testCases.TC006_VerifySearchResultPLP - ---TC006_VerifySearchResultPLP Test case Started----
07:30:15.715 [main] INFO  testCases.TC006_VerifySearchResultPLP - ---TC006_VerifySearchResultPLP Test case Completed----
07:32:07.984 [main] INFO  io.github.bonigarcia.wdm.WebDriverManager - Using chromedriver 146.0.7680.165 (resolved driver for Chrome 146)
07:32:08.001 [main] INFO  io.github.bonigarcia.wdm.WebDriverManager - Exporting webdriver.chrome.driver as C:\Users\Prakash\.cache\selenium\chromedriver\win64\146.0.7680.165\chromedriver.exe
07:32:09.135 [main] INFO  testCases.TC006_VerifySearchResultPLP - Launching browser: chrome
07:32:12.585 [main] INFO  testCases.TC006_VerifySearchResultPLP - ---TC006_VerifySearchResultPLP Test case Started----
07:32:52.736 [main] INFO  testCases.TC006_VerifySearchResultPLP - ---TC006_VerifySearchResultPLP Test case Completed----
07:45:44.049 [main] INFO  io.github.bonigarcia.wdm.WebDriverManager - Using chromedriver 146.0.7680.165 (resolved driver for Chrome 146)
07:45:44.071 [main] INFO  io.github.bonigarcia.wdm.WebDriverManager - Exporting webdriver.chrome.driver as C:\Users\Prakash\.cache\selenium\chromedriver\win64\146.0.7680.165\chromedriver.exe
07:45:45.520 [main] INFO  testCases.TC006_VerifySearchResultPLP - Launching browser: chrome
07:45:48.951 [main] INFO  testCases.TC006_VerifySearchResultPLP - ---TC006_VerifySearchResultPLP Test case Started----
07:46:31.146 [main] INFO  testCases.TC006_VerifySearchResultPLP - ---TC006_VerifySearchResultPLP Test case Completed----
07:46:59.225 [main] INFO  io.github.bonigarcia.wdm.WebDriverManager - Using chromedriver 146.0.7680.165 (resolved driver for Chrome 146)
07:46:59.245 [main] INFO  io.github.bonigarcia.wdm.WebDriverManager - Exporting webdriver.chrome.driver as C:\Users\Prakash\.cache\selenium\chromedriver\win64\146.0.7680.165\chromedriver.exe
07:47:00.390 [main] INFO  testCases.TC006_VerifySearchResultPLP - Launching browser: chrome
07:47:10.408 [main] INFO  testCases.TC006_VerifySearchResultPLP - ---TC006_VerifySearchResultPLP Test case Started----
07:49:19.385 [main] INFO  io.github.bonigarcia.wdm.WebDriverManager - Using chromedriver 146.0.7680.165 (resolved driver for Chrome 146)
07:49:19.406 [main] INFO  io.github.bonigarcia.wdm.WebDriverManager - Exporting webdriver.chrome.driver as C:\Users\Prakash\.cache\selenium\chromedriver\win64\146.0.7680.165\chromedriver.exe
07:49:20.634 [main] INFO  testCases.TC006_VerifySearchResultPLP - Launching browser: chrome
07:49:23.849 [main] INFO  testCases.TC006_VerifySearchResultPLP - ---TC006_VerifySearchResultPLP Test case Started----
